# JRE version: OpenJDK Runtime Environment (8.0_202-b03) (build 1.8.0_202-release-1483-b03)
# Java VM: OpenJDK 64-Bit Server VM (25.202-b03 mixed mode windows-amd64 compressed oops)
Heap:
 PSYoungGen      total 377344K, used 104138K [0x00000000e0000000, 0x00000000fb480000, 0x0000000100000000)
  eden space 324608K, 18% used [0x00000000e0000000,0x00000000e3c31af0,0x00000000f3d00000)
  from space 52736K, 80% used [0x00000000f7600000,0x00000000f9f80ea0,0x00000000fa980000)
  to   space 58368K, 0% used [0x00000000f3d00000,0x00000000f3d00000,0x00000000f7600000)
 ParOldGen       total 219136K, used 128064K [0x00000000a0000000, 0x00000000ad600000, 0x00000000e0000000)
  object space 219136K, 58% used [0x00000000a0000000,0x00000000a7d10288,0x00000000ad600000)
 Metaspace       used 86988K, capacity 89256K, committed 89432K, reserved 1126400K
  class space    used 11014K, capacity 11522K, committed 11648K, reserved 1048576K
GC Heap History (10 events):
Event: 22.472 GC heap before
{Heap before GC invocations=18 (full 3):
 PSYoungGen      total 242176K, used 242001K [0x00000000e0000000, 0x00000000f1100000, 0x0000000100000000)
  eden space 225792K, 100% used [0x00000000e0000000,0x00000000edc80000,0x00000000edc80000)
  from space 16384K, 98% used [0x00000000f0100000,0x00000000f10d46c8,0x00000000f1100000)
  to   space 19968K, 0% used [0x00000000eea00000,0x00000000eea00000,0x00000000efd80000)
 ParOldGen       total 87552K, used 32284K [0x00000000a0000000, 0x00000000a5580000, 0x00000000e0000000)
  object space 87552K, 36% used [0x00000000a0000000,0x00000000a1f871f8,0x00000000a5580000)
 Metaspace       used 66170K, capacity 68140K, committed 68312K, reserved 1107968K
  class space    used 8645K, capacity 9110K, committed 9216K, reserved 1048576K
Event: 22.549 GC heap after
Heap after GC invocations=18 (full 3):
 PSYoungGen      total 259584K, used 19957K [0x00000000e0000000, 0x00000000f4b80000, 0x0000000100000000)
  eden space 239616K, 0% used [0x00000000e0000000,0x00000000e0000000,0x00000000eea00000)
  from space 19968K, 99% used [0x00000000eea00000,0x00000000efd7d628,0x00000000efd80000)
  to   space 27648K, 0% used [0x00000000f3080000,0x00000000f3080000,0x00000000f4b80000)
 ParOldGen       total 87552K, used 44638K [0x00000000a0000000, 0x00000000a5580000, 0x00000000e0000000)
  object space 87552K, 50% used [0x00000000a0000000,0x00000000a2b97850,0x00000000a5580000)
 Metaspace       used 66170K, capacity 68140K, committed 68312K, reserved 1107968K
  class space    used 8645K, capacity 9110K, committed 9216K, reserved 1048576K
}
Event: 27.374 GC heap before
{Heap before GC invocations=19 (full 3):
 PSYoungGen      total 259584K, used 259573K [0x00000000e0000000, 0x00000000f4b80000, 0x0000000100000000)
  eden space 239616K, 100% used [0x00000000e0000000,0x00000000eea00000,0x00000000eea00000)
  from space 19968K, 99% used [0x00000000eea00000,0x00000000efd7d628,0x00000000efd80000)
  to   space 27648K, 0% used [0x00000000f3080000,0x00000000f3080000,0x00000000f4b80000)
 ParOldGen       total 87552K, used 44638K [0x00000000a0000000, 0x00000000a5580000, 0x00000000e0000000)
  object space 87552K, 50% used [0x00000000a0000000,0x00000000a2b97850,0x00000000a5580000)
 Metaspace       used 70011K, capacity 72050K, committed 72280K, reserved 1112064K
  class space    used 9086K, capacity 9571K, committed 9600K, reserved 1048576K
Event: 27.428 GC heap after
Heap after GC invocations=19 (full 3):
 PSYoungGen      total 312832K, used 8177K [0x00000000e0000000, 0x00000000f5480000, 0x0000000100000000)
  eden space 285184K, 0% used [0x00000000e0000000,0x00000000e0000000,0x00000000f1680000)
  from space 27648K, 29% used [0x00000000f3080000,0x00000000f387c6b8,0x00000000f4b80000)
  to   space 26624K, 0% used [0x00000000f1680000,0x00000000f1680000,0x00000000f3080000)
 ParOldGen       total 87552K, used 62130K [0x00000000a0000000, 0x00000000a5580000, 0x00000000e0000000)
  object space 87552K, 70% used [0x00000000a0000000,0x00000000a3cac8b0,0x00000000a5580000)
 Metaspace       used 70011K, capacity 72050K, committed 72280K, reserved 1112064K
  class space    used 9086K, capacity 9571K, committed 9600K, reserved 1048576K
}
Event: 31.939 GC heap before
{Heap before GC invocations=20 (full 3):
 PSYoungGen      total 312832K, used 293361K [0x00000000e0000000, 0x00000000f5480000, 0x0000000100000000)
  eden space 285184K, 100% used [0x00000000e0000000,0x00000000f1680000,0x00000000f1680000)
  from space 27648K, 29% used [0x00000000f3080000,0x00000000f387c6b8,0x00000000f4b80000)
  to   space 26624K, 0% used [0x00000000f1680000,0x00000000f1680000,0x00000000f3080000)
 ParOldGen       total 87552K, used 62130K [0x00000000a0000000, 0x00000000a5580000, 0x00000000e0000000)
  object space 87552K, 70% used [0x00000000a0000000,0x00000000a3cac8b0,0x00000000a5580000)
 Metaspace       used 80764K, capacity 83026K, committed 83288K, reserved 1122304K
  class space    used 10359K, capacity 10863K, committed 10880K, reserved 1048576K
Event: 32.064 GC heap after
Heap after GC invocations=20 (full 3):
 PSYoungGen      total 311808K, used 26621K [0x00000000e0000000, 0x00000000fa980000, 0x0000000100000000)
  eden space 285184K, 0% used [0x00000000e0000000,0x00000000e0000000,0x00000000f1680000)
  from space 26624K, 99% used [0x00000000f1680000,0x00000000f307f410,0x00000000f3080000)
  to   space 52736K, 0% used [0x00000000f7600000,0x00000000f7600000,0x00000000fa980000)
 ParOldGen       total 121344K, used 121219K [0x00000000a0000000, 0x00000000a7680000, 0x00000000e0000000)
  object space 121344K, 99% used [0x00000000a0000000,0x00000000a7660c50,0x00000000a7680000)
 Metaspace       used 80764K, capacity 83026K, committed 83288K, reserved 1122304K
  class space    used 10359K, capacity 10863K, committed 10880K, reserved 1048576K
}
Event: 32.064 GC heap before
{Heap before GC invocations=21 (full 4):
 PSYoungGen      total 311808K, used 26621K [0x00000000e0000000, 0x00000000fa980000, 0x0000000100000000)
  eden space 285184K, 0% used [0x00000000e0000000,0x00000000e0000000,0x00000000f1680000)
  from space 26624K, 99% used [0x00000000f1680000,0x00000000f307f410,0x00000000f3080000)
  to   space 52736K, 0% used [0x00000000f7600000,0x00000000f7600000,0x00000000fa980000)
 ParOldGen       total 121344K, used 121219K [0x00000000a0000000, 0x00000000a7680000, 0x00000000e0000000)
  object space 121344K, 99% used [0x00000000a0000000,0x00000000a7660c50,0x00000000a7680000)
 Metaspace       used 80764K, capacity 83026K, committed 83288K, reserved 1122304K
  class space    used 10359K, capacity 10863K, committed 10880K, reserved 1048576K
Event: 32.884 GC heap after
Heap after GC invocations=21 (full 4):
 PSYoungGen      total 311808K, used 7141K [0x00000000e0000000, 0x00000000fa980000, 0x0000000100000000)
  eden space 285184K, 0% used [0x00000000e0000000,0x00000000e0000000,0x00000000f1680000)
  from space 26624K, 26% used [0x00000000f1680000,0x00000000f1d79518,0x00000000f3080000)
  to   space 52736K, 0% used [0x00000000f7600000,0x00000000f7600000,0x00000000fa980000)
 ParOldGen       total 219136K, used 120999K [0x00000000a0000000, 0x00000000ad600000, 0x00000000e0000000)
  object space 219136K, 55% used [0x00000000a0000000,0x00000000a7629d70,0x00000000ad600000)
 Metaspace       used 80717K, capacity 82892K, committed 83288K, reserved 1122304K
  class space    used 10344K, capacity 10836K, committed 10880K, reserved 1048576K
}
Event: 36.586 GC heap before
{Heap before GC invocations=22 (full 4):
 PSYoungGen      total 311808K, used 292325K [0x00000000e0000000, 0x00000000fa980000, 0x0000000100000000)
  eden space 285184K, 100% used [0x00000000e0000000,0x00000000f1680000,0x00000000f1680000)
  from space 26624K, 26% used [0x00000000f1680000,0x00000000f1d79518,0x00000000f3080000)
  to   space 52736K, 0% used [0x00000000f7600000,0x00000000f7600000,0x00000000fa980000)
 ParOldGen       total 219136K, used 120999K [0x00000000a0000000, 0x00000000ad600000, 0x00000000e0000000)
  object space 219136K, 55% used [0x00000000a0000000,0x00000000a7629d70,0x00000000ad600000)
 Metaspace       used 86433K, capacity 88648K, committed 89048K, reserved 1126400K
  class space    used 10928K, capacity 11426K, committed 11520K, reserved 1048576K
Event: 36.699 GC heap after
Heap after GC invocations=22 (full 4):
 PSYoungGen      total 377344K, used 42499K [0x00000000e0000000, 0x00000000fb480000, 0x0000000100000000)
  eden space 324608K, 0% used [0x00000000e0000000,0x00000000e0000000,0x00000000f3d00000)
  from space 52736K, 80% used [0x00000000f7600000,0x00000000f9f80ea0,0x00000000fa980000)
  to   space 58368K, 0% used [0x00000000f3d00000,0x00000000f3d00000,0x00000000f7600000)
 ParOldGen       total 219136K, used 128064K [0x00000000a0000000, 0x00000000ad600000, 0x00000000e0000000)
  object space 219136K, 58% used [0x00000000a0000000,0x00000000a7d10288,0x00000000ad600000)
 Metaspace       used 86433K, capacity 88648K, committed 89048K, reserved 1126400K
  class space    used 10928K, capacity 11426K, committed 11520K, reserved 1048576K
}

