# JRE version: OpenJDK Runtime Environment (8.0_202-b03) (build 1.8.0_202-release-1483-b03)
# Java VM: OpenJDK 64-Bit Server VM (25.202-b03 mixed mode windows-amd64 compressed oops)
Heap:
 PSYoungGen      total 274944K, used 202968K [0x00000000e0000000, 0x00000000f9280000, 0x0000000100000000)
  eden space 229376K, 85% used [0x00000000e0000000,0x00000000ebeaf2c8,0x00000000ee000000)
  from space 45568K, 16% used [0x00000000f2380000,0x00000000f2b06e50,0x00000000f5000000)
  to   space 69120K, 0% used [0x00000000ee000000,0x00000000ee000000,0x00000000f2380000)
 ParOldGen       total 201728K, used 80413K [0x00000000a0000000, 0x00000000ac500000, 0x00000000e0000000)
  object space 201728K, 39% used [0x00000000a0000000,0x00000000a4e875f0,0x00000000ac500000)
 Metaspace       used 105223K, capacity 109182K, committed 109464K, reserved 1144832K
  class space    used 13368K, capacity 14103K, committed 14248K, reserved 1048576K
GC Heap History (10 events):
Event: 2277.683 GC heap before
{Heap before GC invocations=24 (full 4):
 PSYoungGen      total 274944K, used 45555K [0x00000000e0000000, 0x00000000f9280000, 0x0000000100000000)
  eden space 229376K, 0% used [0x00000000e0000000,0x00000000e0000000,0x00000000ee000000)
  from space 45568K, 99% used [0x00000000f2380000,0x00000000f4ffcc78,0x00000000f5000000)
  to   space 69120K, 0% used [0x00000000ee000000,0x00000000ee000000,0x00000000f2380000)
 ParOldGen       total 102400K, used 101996K [0x00000000a0000000, 0x00000000a6400000, 0x00000000e0000000)
  object space 102400K, 99% used [0x00000000a0000000,0x00000000a639b3e0,0x00000000a6400000)
 Metaspace       used 90956K, capacity 94714K, committed 95000K, reserved 1132544K
  class space    used 11720K, capacity 12465K, committed 12584K, reserved 1048576K
Event: 2279.206 GC heap after
Heap after GC invocations=24 (full 4):
 PSYoungGen      total 274944K, used 11779K [0x00000000e0000000, 0x00000000f9280000, 0x0000000100000000)
  eden space 229376K, 0% used [0x00000000e0000000,0x00000000e0000000,0x00000000ee000000)
  from space 45568K, 25% used [0x00000000f2380000,0x00000000f2f00df0,0x00000000f5000000)
  to   space 69120K, 0% used [0x00000000ee000000,0x00000000ee000000,0x00000000f2380000)
 ParOldGen       total 201728K, used 102281K [0x00000000a0000000, 0x00000000ac500000, 0x00000000e0000000)
  object space 201728K, 50% used [0x00000000a0000000,0x00000000a63e2700,0x00000000ac500000)
 Metaspace       used 90011K, capacity 93038K, committed 95000K, reserved 1132544K
  class space    used 11540K, capacity 12129K, committed 12584K, reserved 1048576K
}
Event: 2280.759 GC heap before
{Heap before GC invocations=25 (full 4):
 PSYoungGen      total 274944K, used 241155K [0x00000000e0000000, 0x00000000f9280000, 0x0000000100000000)
  eden space 229376K, 100% used [0x00000000e0000000,0x00000000ee000000,0x00000000ee000000)
  from space 45568K, 25% used [0x00000000f2380000,0x00000000f2f00df0,0x00000000f5000000)
  to   space 69120K, 0% used [0x00000000ee000000,0x00000000ee000000,0x00000000f2380000)
 ParOldGen       total 201728K, used 102281K [0x00000000a0000000, 0x00000000ac500000, 0x00000000e0000000)
  object space 201728K, 50% used [0x00000000a0000000,0x00000000a63e2700,0x00000000ac500000)
 Metaspace       used 94428K, capacity 97580K, committed 99224K, reserved 1136640K
  class space    used 12033K, capacity 12630K, committed 12968K, reserved 1048576K
Event: 2280.957 GC heap after
Heap after GC invocations=25 (full 4):
 PSYoungGen      total 298496K, used 69097K [0x00000000e0000000, 0x00000000f9280000, 0x0000000100000000)
  eden space 229376K, 0% used [0x00000000e0000000,0x00000000e0000000,0x00000000ee000000)
  from space 69120K, 99% used [0x00000000ee000000,0x00000000f237a720,0x00000000f2380000)
  to   space 45568K, 0% used [0x00000000f2380000,0x00000000f2380000,0x00000000f5000000)
 ParOldGen       total 201728K, used 178914K [0x00000000a0000000, 0x00000000ac500000, 0x00000000e0000000)
  object space 201728K, 88% used [0x00000000a0000000,0x00000000aaeb8bf8,0x00000000ac500000)
 Metaspace       used 94428K, capacity 97580K, committed 99224K, reserved 1136640K
  class space    used 12033K, capacity 12630K, committed 12968K, reserved 1048576K
}
Event: 2280.957 GC heap before
{Heap before GC invocations=26 (full 5):
 PSYoungGen      total 298496K, used 69097K [0x00000000e0000000, 0x00000000f9280000, 0x0000000100000000)
  eden space 229376K, 0% used [0x00000000e0000000,0x00000000e0000000,0x00000000ee000000)
  from space 69120K, 99% used [0x00000000ee000000,0x00000000f237a720,0x00000000f2380000)
  to   space 45568K, 0% used [0x00000000f2380000,0x00000000f2380000,0x00000000f5000000)
 ParOldGen       total 201728K, used 178914K [0x00000000a0000000, 0x00000000ac500000, 0x00000000e0000000)
  object space 201728K, 88% used [0x00000000a0000000,0x00000000aaeb8bf8,0x00000000ac500000)
 Metaspace       used 94428K, capacity 97580K, committed 99224K, reserved 1136640K
  class space    used 12033K, capacity 12630K, committed 12968K, reserved 1048576K
Event: 2281.704 GC heap after
Heap after GC invocations=26 (full 5):
 PSYoungGen      total 298496K, used 0K [0x00000000e0000000, 0x00000000f9280000, 0x0000000100000000)
  eden space 229376K, 0% used [0x00000000e0000000,0x00000000e0000000,0x00000000ee000000)
  from space 69120K, 0% used [0x00000000ee000000,0x00000000ee000000,0x00000000f2380000)
  to   space 45568K, 0% used [0x00000000f2380000,0x00000000f2380000,0x00000000f5000000)
 ParOldGen       total 201728K, used 194050K [0x00000000a0000000, 0x00000000ac500000, 0x00000000e0000000)
  object space 201728K, 96% used [0x00000000a0000000,0x00000000abd80b70,0x00000000ac500000)
 Metaspace       used 94428K, capacity 97580K, committed 99224K, reserved 1136640K
  class space    used 12033K, capacity 12630K, committed 12968K, reserved 1048576K
}
Event: 2286.403 GC heap before
{Heap before GC invocations=27 (full 6):
 PSYoungGen      total 298496K, used 229376K [0x00000000e0000000, 0x00000000f9280000, 0x0000000100000000)
  eden space 229376K, 100% used [0x00000000e0000000,0x00000000ee000000,0x00000000ee000000)
  from space 69120K, 0% used [0x00000000ee000000,0x00000000ee000000,0x00000000f2380000)
  to   space 45568K, 0% used [0x00000000f2380000,0x00000000f2380000,0x00000000f5000000)
 ParOldGen       total 201728K, used 194050K [0x00000000a0000000, 0x00000000ac500000, 0x00000000e0000000)
  object space 201728K, 96% used [0x00000000a0000000,0x00000000abd80b70,0x00000000ac500000)
 Metaspace       used 102903K, capacity 106736K, committed 107288K, reserved 1142784K
  class space    used 13227K, capacity 13962K, committed 14120K, reserved 1048576K
Event: 2286.732 GC heap after
Heap after GC invocations=27 (full 6):
 PSYoungGen      total 298496K, used 0K [0x00000000e0000000, 0x00000000f9280000, 0x0000000100000000)
  eden space 229376K, 0% used [0x00000000e0000000,0x00000000e0000000,0x00000000ee000000)
  from space 69120K, 0% used [0x00000000ee000000,0x00000000ee000000,0x00000000f2380000)
  to   space 45568K, 0% used [0x00000000f2380000,0x00000000f2380000,0x00000000f5000000)
 ParOldGen       total 201728K, used 80405K [0x00000000a0000000, 0x00000000ac500000, 0x00000000e0000000)
  object space 201728K, 39% used [0x00000000a0000000,0x00000000a4e855f0,0x00000000ac500000)
 Metaspace       used 102834K, capacity 106582K, committed 107288K, reserved 1142784K
  class space    used 13204K, capacity 13923K, committed 14120K, reserved 1048576K
}
Event: 2289.528 GC heap before
{Heap before GC invocations=28 (full 6):
 PSYoungGen      total 298496K, used 229376K [0x00000000e0000000, 0x00000000f9280000, 0x0000000100000000)
  eden space 229376K, 100% used [0x00000000e0000000,0x00000000ee000000,0x00000000ee000000)
  from space 69120K, 0% used [0x00000000ee000000,0x00000000ee000000,0x00000000f2380000)
  to   space 45568K, 0% used [0x00000000f2380000,0x00000000f2380000,0x00000000f5000000)
 ParOldGen       total 201728K, used 80405K [0x00000000a0000000, 0x00000000ac500000, 0x00000000e0000000)
  object space 201728K, 39% used [0x00000000a0000000,0x00000000a4e855f0,0x00000000ac500000)
 Metaspace       used 104924K, capacity 108890K, committed 109208K, reserved 1144832K
  class space    used 13366K, capacity 14099K, committed 14248K, reserved 1048576K
Event: 2289.557 GC heap after
Heap after GC invocations=28 (full 6):
 PSYoungGen      total 274944K, used 7707K [0x00000000e0000000, 0x00000000f9280000, 0x0000000100000000)
  eden space 229376K, 0% used [0x00000000e0000000,0x00000000e0000000,0x00000000ee000000)
  from space 45568K, 16% used [0x00000000f2380000,0x00000000f2b06e50,0x00000000f5000000)
  to   space 69120K, 0% used [0x00000000ee000000,0x00000000ee000000,0x00000000f2380000)
 ParOldGen       total 201728K, used 80413K [0x00000000a0000000, 0x00000000ac500000, 0x00000000e0000000)
  object space 201728K, 39% used [0x00000000a0000000,0x00000000a4e875f0,0x00000000ac500000)
 Metaspace       used 104924K, capacity 108890K, committed 109208K, reserved 1144832K
  class space    used 13366K, capacity 14099K, committed 14248K, reserved 1048576K
}

