# JRE version: OpenJDK Runtime Environment (8.0_202-b03) (build 1.8.0_202-release-1483-b03)
# Java VM: OpenJDK 64-Bit Server VM (25.202-b03 mixed mode windows-amd64 compressed oops)
Heap:
 PSYoungGen      total 367616K, used 124931K [0x00000000e0000000, 0x00000000fa580000, 0x0000000100000000)
  eden space 303616K, 33% used [0x00000000e0000000,0x00000000e626cfc8,0x00000000f2880000)
  from space 64000K, 37% used [0x00000000f2880000,0x00000000f4013c58,0x00000000f6700000)
  to   space 44544K, 0% used [0x00000000f7a00000,0x00000000f7a00000,0x00000000fa580000)
 ParOldGen       total 120832K, used 120821K [0x00000000a0000000, 0x00000000a7600000, 0x00000000e0000000)
  object space 120832K, 99% used [0x00000000a0000000,0x00000000a75fd6b0,0x00000000a7600000)
 Metaspace       used 97326K, capacity 100492K, committed 100952K, reserved 1136640K
  class space    used 12371K, capacity 13060K, committed 13184K, reserved 1048576K
GC Heap History (10 events):
Event: 947.805 GC heap before
{Heap before GC invocations=24 (full 5):
 PSYoungGen      total 309760K, used 44538K [0x00000000e0000000, 0x00000000fba00000, 0x0000000100000000)
  eden space 265216K, 0% used [0x00000000e0000000,0x00000000e0000000,0x00000000f0300000)
  from space 44544K, 99% used [0x00000000f0300000,0x00000000f2e7eac0,0x00000000f2e80000)
  to   space 65536K, 0% used [0x00000000f7a00000,0x00000000f7a00000,0x00000000fba00000)
 ParOldGen       total 120832K, used 120323K [0x00000000a0000000, 0x00000000a7600000, 0x00000000e0000000)
  object space 120832K, 99% used [0x00000000a0000000,0x00000000a7580de0,0x00000000a7600000)
 Metaspace       used 86550K, capacity 88872K, committed 89304K, reserved 1126400K
  class space    used 10916K, capacity 11480K, committed 11520K, reserved 1048576K
Event: 948.302 GC heap after
Heap after GC invocations=24 (full 5):
 PSYoungGen      total 309760K, used 0K [0x00000000e0000000, 0x00000000fba00000, 0x0000000100000000)
  eden space 265216K, 0% used [0x00000000e0000000,0x00000000e0000000,0x00000000f0300000)
  from space 44544K, 0% used [0x00000000f0300000,0x00000000f0300000,0x00000000f2e80000)
  to   space 65536K, 0% used [0x00000000f7a00000,0x00000000f7a00000,0x00000000fba00000)
 ParOldGen       total 120832K, used 112681K [0x00000000a0000000, 0x00000000a7600000, 0x00000000e0000000)
  object space 120832K, 93% used [0x00000000a0000000,0x00000000a6e0a720,0x00000000a7600000)
 Metaspace       used 86550K, capacity 88872K, committed 89304K, reserved 1126400K
  class space    used 10916K, capacity 11480K, committed 11520K, reserved 1048576K
}
Event: 952.212 GC heap before
{Heap before GC invocations=25 (full 6):
 PSYoungGen      total 309760K, used 265216K [0x00000000e0000000, 0x00000000fba00000, 0x0000000100000000)
  eden space 265216K, 100% used [0x00000000e0000000,0x00000000f0300000,0x00000000f0300000)
  from space 44544K, 0% used [0x00000000f0300000,0x00000000f0300000,0x00000000f2e80000)
  to   space 65536K, 0% used [0x00000000f7a00000,0x00000000f7a00000,0x00000000fba00000)
 ParOldGen       total 120832K, used 112681K [0x00000000a0000000, 0x00000000a7600000, 0x00000000e0000000)
  object space 120832K, 93% used [0x00000000a0000000,0x00000000a6e0a720,0x00000000a7600000)
 Metaspace       used 93614K, capacity 96396K, committed 96600K, reserved 1132544K
  class space    used 11987K, capacity 12612K, committed 12672K, reserved 1048576K
Event: 952.470 GC heap after
Heap after GC invocations=25 (full 6):
 PSYoungGen      total 309760K, used 0K [0x00000000e0000000, 0x00000000fba00000, 0x0000000100000000)
  eden space 265216K, 0% used [0x00000000e0000000,0x00000000e0000000,0x00000000f0300000)
  from space 44544K, 0% used [0x00000000f0300000,0x00000000f0300000,0x00000000f2e80000)
  to   space 65536K, 0% used [0x00000000f7a00000,0x00000000f7a00000,0x00000000fba00000)
 ParOldGen       total 120832K, used 80053K [0x00000000a0000000, 0x00000000a7600000, 0x00000000e0000000)
  object space 120832K, 66% used [0x00000000a0000000,0x00000000a4e2d700,0x00000000a7600000)
 Metaspace       used 93549K, capacity 96242K, committed 96600K, reserved 1132544K
  class space    used 11964K, capacity 12571K, committed 12672K, reserved 1048576K
}
Event: 954.876 GC heap before
{Heap before GC invocations=26 (full 6):
 PSYoungGen      total 309760K, used 265216K [0x00000000e0000000, 0x00000000fba00000, 0x0000000100000000)
  eden space 265216K, 100% used [0x00000000e0000000,0x00000000f0300000,0x00000000f0300000)
  from space 44544K, 0% used [0x00000000f0300000,0x00000000f0300000,0x00000000f2e80000)
  to   space 65536K, 0% used [0x00000000f7a00000,0x00000000f7a00000,0x00000000fba00000)
 ParOldGen       total 120832K, used 80053K [0x00000000a0000000, 0x00000000a7600000, 0x00000000e0000000)
  object space 120832K, 66% used [0x00000000a0000000,0x00000000a4e2d700,0x00000000a7600000)
 Metaspace       used 96202K, capacity 99468K, committed 99672K, reserved 1136640K
  class space    used 12228K, capacity 12880K, committed 12928K, reserved 1048576K
Event: 954.925 GC heap after
Heap after GC invocations=26 (full 6):
 PSYoungGen      total 348160K, used 29833K [0x00000000e0000000, 0x00000000fa580000, 0x0000000100000000)
  eden space 303616K, 0% used [0x00000000e0000000,0x00000000e0000000,0x00000000f2880000)
  from space 44544K, 66% used [0x00000000f7a00000,0x00000000f9722620,0x00000000fa580000)
  to   space 64000K, 0% used [0x00000000f2880000,0x00000000f2880000,0x00000000f6700000)
 ParOldGen       total 120832K, used 80061K [0x00000000a0000000, 0x00000000a7600000, 0x00000000e0000000)
  object space 120832K, 66% used [0x00000000a0000000,0x00000000a4e2f700,0x00000000a7600000)
 Metaspace       used 96202K, capacity 99468K, committed 99672K, reserved 1136640K
  class space    used 12228K, capacity 12880K, committed 12928K, reserved 1048576K
}
Event: 958.102 GC heap before
{Heap before GC invocations=27 (full 6):
 PSYoungGen      total 348160K, used 333449K [0x00000000e0000000, 0x00000000fa580000, 0x0000000100000000)
  eden space 303616K, 100% used [0x00000000e0000000,0x00000000f2880000,0x00000000f2880000)
  from space 44544K, 66% used [0x00000000f7a00000,0x00000000f9722620,0x00000000fa580000)
  to   space 64000K, 0% used [0x00000000f2880000,0x00000000f2880000,0x00000000f6700000)
 ParOldGen       total 120832K, used 80061K [0x00000000a0000000, 0x00000000a7600000, 0x00000000e0000000)
  object space 120832K, 66% used [0x00000000a0000000,0x00000000a4e2f700,0x00000000a7600000)
 Metaspace       used 97154K, capacity 100460K, committed 100696K, reserved 1136640K
  class space    used 12359K, capacity 13058K, committed 13184K, reserved 1048576K
Event: 958.250 GC heap after
Heap after GC invocations=27 (full 6):
 PSYoungGen      total 367616K, used 63985K [0x00000000e0000000, 0x00000000fa580000, 0x0000000100000000)
  eden space 303616K, 0% used [0x00000000e0000000,0x00000000e0000000,0x00000000f2880000)
  from space 64000K, 99% used [0x00000000f2880000,0x00000000f66fc6e0,0x00000000f6700000)
  to   space 44544K, 0% used [0x00000000f7a00000,0x00000000f7a00000,0x00000000fa580000)
 ParOldGen       total 120832K, used 103249K [0x00000000a0000000, 0x00000000a7600000, 0x00000000e0000000)
  object space 120832K, 85% used [0x00000000a0000000,0x00000000a64d4730,0x00000000a7600000)
 Metaspace       used 97154K, capacity 100460K, committed 100696K, reserved 1136640K
  class space    used 12359K, capacity 13058K, committed 13184K, reserved 1048576K
}
Event: 958.250 GC heap before
{Heap before GC invocations=28 (full 7):
 PSYoungGen      total 367616K, used 63985K [0x00000000e0000000, 0x00000000fa580000, 0x0000000100000000)
  eden space 303616K, 0% used [0x00000000e0000000,0x00000000e0000000,0x00000000f2880000)
  from space 64000K, 99% used [0x00000000f2880000,0x00000000f66fc6e0,0x00000000f6700000)
  to   space 44544K, 0% used [0x00000000f7a00000,0x00000000f7a00000,0x00000000fa580000)
 ParOldGen       total 120832K, used 103249K [0x00000000a0000000, 0x00000000a7600000, 0x00000000e0000000)
  object space 120832K, 85% used [0x00000000a0000000,0x00000000a64d4730,0x00000000a7600000)
 Metaspace       used 97154K, capacity 100460K, committed 100696K, reserved 1136640K
  class space    used 12359K, capacity 13058K, committed 13184K, reserved 1048576K
Event: 959.436 GC heap after
Heap after GC invocations=28 (full 7):
 PSYoungGen      total 367616K, used 24143K [0x00000000e0000000, 0x00000000fa580000, 0x0000000100000000)
  eden space 303616K, 0% used [0x00000000e0000000,0x00000000e0000000,0x00000000f2880000)
  from space 64000K, 37% used [0x00000000f2880000,0x00000000f4013c58,0x00000000f6700000)
  to   space 44544K, 0% used [0x00000000f7a00000,0x00000000f7a00000,0x00000000fa580000)
 ParOldGen       total 120832K, used 120821K [0x00000000a0000000, 0x00000000a7600000, 0x00000000e0000000)
  object space 120832K, 99% used [0x00000000a0000000,0x00000000a75fd6b0,0x00000000a7600000)
 Metaspace       used 97070K, capacity 100204K, committed 100696K, reserved 1136640K
  class space    used 12333K, capacity 13012K, committed 13184K, reserved 1048576K
}

